[debug] [2021-09-21T05:00:42.725Z] ----------------------------------------------------------------------
[debug] [2021-09-21T05:00:42.728Z] Command:       /usr/local/bin/node /usr/local/bin/firebase init
[debug] [2021-09-21T05:00:42.729Z] CLI Version:   9.18.0
[debug] [2021-09-21T05:00:42.729Z] Platform:      darwin
[debug] [2021-09-21T05:00:42.729Z] Node Version:  v14.16.1
[debug] [2021-09-21T05:00:42.730Z] Time:          Tue Sep 21 2021 17:00:42 GMT+1200 (New Zealand Standard Time)
[debug] [2021-09-21T05:00:42.730Z] ----------------------------------------------------------------------
[debug] 
[debug] [2021-09-21T05:00:42.802Z] > command requires scopes: ["email","openid","https://www.googleapis.com/auth/cloudplatformprojects.readonly","https://www.googleapis.com/auth/firebase","https://www.googleapis.com/auth/cloud-platform"]
[debug] [2021-09-21T05:00:42.802Z] > authorizing via signed-in user (mzha999@aucklanduni.ac.nz)
[info] 
     ######## #### ########  ######## ########     ###     ######  ########
     ##        ##  ##     ## ##       ##     ##  ##   ##  ##       ##
     ######    ##  ########  ######   ########  #########  ######  ######
     ##        ##  ##    ##  ##       ##     ## ##     ##       ## ##
     ##       #### ##     ## ######## ########  ##     ##  ######  ########

You're about to initialize a Firebase project in this directory:

  /Users/test/Desktop/Amazon clone/amazon-clone

Before we get started, keep in mind:

  * You are initializing within an existing Firebase project directory

[info] 
=== Project Setup
[info] 
[info] First, let's associate this project directory with a Firebase project.
[info] You can create multiple project aliases by running firebase use --add, 
[info] but for now we'll just set up a default project.
[info] 
[info] i  .firebaserc already has a default project, using fir-d55a1. 
[debug] [2021-09-21T05:01:19.869Z] > refreshing access token with scopes: []
[debug] [2021-09-21T05:01:19.869Z] >>> HTTP REQUEST POST https://www.googleapis.com/oauth2/v3/token  
 <request body omitted>
[debug] [2021-09-21T05:01:20.256Z] <<< HTTP RESPONSE 200 {"expires":"Mon, 01 Jan 1990 00:00:00 GMT","pragma":"no-cache","date":"Tue, 21 Sep 2021 05:01:20 GMT","cache-control":"no-cache, no-store, max-age=0, must-revalidate","content-type":"application/json; charset=utf-8","vary":"X-Origin, Referer, Origin,Accept-Encoding","server":"scaffolding on HTTPServer2","x-xss-protection":"0","x-frame-options":"SAMEORIGIN","x-content-type-options":"nosniff","alt-svc":"h3=\":443\"; ma=2592000,h3-29=\":443\"; ma=2592000,h3-T051=\":443\"; ma=2592000,h3-Q050=\":443\"; ma=2592000,h3-Q046=\":443\"; ma=2592000,h3-Q043=\":443\"; ma=2592000,quic=\":443\"; ma=2592000; v=\"46,43\"","accept-ranges":"none","transfer-encoding":"chunked"}
[debug] [2021-09-21T05:01:20.293Z] >>> [apiv2][query] GET https://firebase.googleapis.com/v1beta1/projects/fir-d55a1 [none]
[debug] [2021-09-21T05:01:20.945Z] <<< [apiv2][status] GET https://firebase.googleapis.com/v1beta1/projects/fir-d55a1 200
[debug] [2021-09-21T05:01:20.945Z] <<< [apiv2][body] GET https://firebase.googleapis.com/v1beta1/projects/fir-d55a1 {"projectId":"fir-d55a1","projectNumber":"537494649082","displayName":"amazon","name":"projects/fir-d55a1","resources":{"hostingSite":"fir-d55a1","realtimeDatabaseInstance":"fir-d55a1-default-rtdb"},"state":"ACTIVE"}
[info] 
=== Hosting Setup
[info] 
[info] Your public directory is the folder (relative to your project directory) that
[info] will contain Hosting assets to be uploaded with firebase deploy. If you
[info] have a build process for your assets, use your build's output directory.
[info] 
[debug] [2021-09-21T05:04:07.798Z] >>> [apiv2][query] GET https://www.gstatic.com/firebasejs/releases.json [none]
[debug] [2021-09-21T05:04:08.105Z] <<< [apiv2][status] GET https://www.gstatic.com/firebasejs/releases.json 200
[debug] [2021-09-21T05:04:08.105Z] <<< [apiv2][body] GET https://www.gstatic.com/firebasejs/releases.json {"current":{"version":"9.0.2","browserURL":"https://www.gstatic.com/firebasejs/9.0.2/firebase.js","packageURL":"https://www.gstatic.com/firebasejs/9.0.2/firebase.tgz"},"live":{"version":"9.0","browserURL":"https://www.gstatic.com/firebasejs/live/9.0/firebase.js","packageURL":"https://www.gstatic.com/firebasejs/live/9.0/firebase.tgz"},"components":{"analytics":"https://www.gstatic.com/firebasejs/9.0.2/firebase-analytics.js","app":"https://www.gstatic.com/firebasejs/9.0.2/firebase-app.js","app-check":"https://www.gstatic.com/firebasejs/9.0.2/firebase-app-check.js","auth":"https://www.gstatic.com/firebasejs/9.0.2/firebase-auth.js","auth/cordova":"https://www.gstatic.com/firebasejs/9.0.2/firebase-auth/cordova.js","auth/react-native":"https://www.gstatic.com/firebasejs/9.0.2/firebase-auth/react-native.js","functions":"https://www.gstatic.com/firebasejs/9.0.2/firebase-functions.js","firestore":"https://www.gstatic.com/firebasejs/9.0.2/firebase-firestore.js","firestore/lite":"https://www.gstatic.com/firebasejs/9.0.2/firebase-firestore/lite.js","storage":"https://www.gstatic.com/firebasejs/9.0.2/firebase-storage.js","performance":"https://www.gstatic.com/firebasejs/9.0.2/firebase-performance.js","remote-config":"https://www.gstatic.com/firebasejs/9.0.2/firebase-remote-config.js","messaging":"https://www.gstatic.com/firebasejs/9.0.2/firebase-messaging.js","messaging/sw":"https://www.gstatic.com/firebasejs/9.0.2/firebase-messaging/sw.js","database":"https://www.gstatic.com/firebasejs/9.0.2/firebase-database.js","firestore.memory":"https://www.gstatic.com/firebasejs/9.0.2/firebase-firestore.memory.js"}}
[info] ✔  Wrote build/index.html 
[info] 
[info] i  Detected a .git folder at /Users/test/Desktop/Amazon clone/amazon-clone 
[info] i  Authorizing with GitHub to upload your service account to a GitHub repository's secrets store. 
[info] 
[info] Visit this URL on this device to log in:
[info] https://github.com/login/oauth/authorize?client_id=89cf50f02ac6aaed3484&state=65490440&redirect_uri=http%3A%2F%2Flocalhost%3A9005&scope=read%3Auser%20repo%20public_repo
[info] 
[info] Waiting for authentication...
[debug] [2021-09-21T05:04:16.140Z] >>> HTTP REQUEST POST https://github.com/login/oauth/access_token  
 {"client_id":"89cf50f02ac6aaed3484","client_secret":"3330d14abc895d9a74d5f17cd7a00711fa2c5bf0","code":"ab9657b1b6ba1e71c1d3","redirect_uri":"http://localhost:9005","state":"65490440"}
[debug] [2021-09-21T05:04:16.525Z] <<< HTTP RESPONSE 200 {"server":"GitHub.com","date":"Tue, 21 Sep 2021 05:04:16 GMT","content-type":"application/json; charset=utf-8","transfer-encoding":"chunked","vary":"X-PJAX, X-PJAX-Container, Accept-Encoding, Accept, X-Requested-With","permissions-policy":"interest-cohort=()","etag":"W/\"101acac15a5be9191b8c2e733ed2cf5f\"","cache-control":"max-age=0, private, must-revalidate","strict-transport-security":"max-age=31536000; includeSubdomains; preload","x-frame-options":"deny","x-content-type-options":"nosniff","x-xss-protection":"0","referrer-policy":"origin-when-cross-origin, strict-origin-when-cross-origin","expect-ct":"max-age=2592000, report-uri=\"https://api.github.com/_private/browser/errors\"","content-security-policy":"default-src 'none'; base-uri 'self'; block-all-mixed-content; child-src github.githubassets.com; connect-src 'self' uploads.github.com www.githubstatus.com collector.githubapp.com api.github.com github-cloud.s3.amazonaws.com github-production-repository-file-5c1aeb.s3.amazonaws.com github-production-upload-manifest-file-7fdce7.s3.amazonaws.com github-production-user-asset-6210df.s3.amazonaws.com cdn.optimizely.com logx.optimizely.com/v1/events translator.github.com wss://alive.github.com; font-src github.githubassets.com; form-action 'self' github.com gist.github.com; frame-ancestors 'none'; frame-src render.githubusercontent.com viewscreen.githubusercontent.com; img-src 'self' data: github.githubassets.com identicons.github.com collector.githubapp.com github-cloud.s3.amazonaws.com secured-user-images.githubusercontent.com/ *.githubusercontent.com; manifest-src 'self'; media-src github.com user-images.githubusercontent.com/; script-src github.githubassets.com; style-src 'unsafe-inline' github.githubassets.com; worker-src github.githubassets.com github.com/socket-worker-0af8a29d.js gist.github.com/socket-worker-0af8a29d.js","x-github-request-id":"D6FA:0483:29072C:2D7B24:614967D0"}
[debug] [2021-09-21T05:04:16.532Z] >>> [apiv2][query] GET https://api.github.com/user [none]
[debug] [2021-09-21T05:04:16.974Z] <<< [apiv2][status] GET https://api.github.com/user 200
[debug] [2021-09-21T05:04:16.974Z] <<< [apiv2][body] GET https://api.github.com/user {"login":"mzha999","id":53667317,"node_id":"MDQ6VXNlcjUzNjY3MzE3","avatar_url":"https://avatars.githubusercontent.com/u/53667317?v=4","gravatar_id":"","url":"https://api.github.com/users/mzha999","html_url":"https://github.com/mzha999","followers_url":"https://api.github.com/users/mzha999/followers","following_url":"https://api.github.com/users/mzha999/following{/other_user}","gists_url":"https://api.github.com/users/mzha999/gists{/gist_id}","starred_url":"https://api.github.com/users/mzha999/starred{/owner}{/repo}","subscriptions_url":"https://api.github.com/users/mzha999/subscriptions","organizations_url":"https://api.github.com/users/mzha999/orgs","repos_url":"https://api.github.com/users/mzha999/repos","events_url":"https://api.github.com/users/mzha999/events{/privacy}","received_events_url":"https://api.github.com/users/mzha999/received_events","type":"User","site_admin":false,"name":"Kenny Zhao","company":null,"blog":"","location":null,"email":null,"hireable":null,"bio":"Love coding!","twitter_username":null,"public_repos":5,"public_gists":0,"followers":0,"following":0,"created_at":"2019-08-03T23:30:34Z","updated_at":"2021-07-11T09:06:21Z","private_gists":0,"total_private_repos":3,"owned_private_repos":3,"disk_usage":12263,"collaborators":1,"two_factor_authentication":false,"plan":{"name":"free","space":976562499,"collaborators":0,"private_repos":10000}}
[info] 
[info] ✔  Success! Logged into GitHub as mzha999 
[info] 
